<?xml version="1.0" encoding="UTF-8"?>
<testng-results ignored="0" total="1" passed="1" failed="0" skipped="0">
  <reporter-output>
  </reporter-output>
  <suite started-at="2023-02-07T15:48:08 WIB" name="Default suite" finished-at="2023-02-07T15:48:22 WIB" duration-ms="14558">
    <groups>
      <group name="cucumber">
        <method signature="AbstractTestNGCucumberTests.runScenario(io.cucumber.testng.PickleWrapper,io.cucumber.testng.FeatureWrapper)[pri:0, instance:tia.quiz.login.RunnerTest@6cd28fa7]" name="runScenario" class="io.cucumber.testng.AbstractTestNGCucumberTests"/>
      </group> <!-- cucumber -->
    </groups>
    <test started-at="2023-02-07T15:48:08 WIB" name="Default test" finished-at="2023-02-07T15:48:22 WIB" duration-ms="14558">
      <class name="tia.quiz.login.RunnerTest">
        <test-method is-config="true" signature="setUpClass(org.testng.ITestContext)[pri:0, instance:tia.quiz.login.RunnerTest@6cd28fa7]" started-at="2023-02-07T15:48:08 WIB" name="setUpClass" finished-at="2023-02-07T15:48:09 WIB" duration-ms="1191" status="PASS">
          <params>
            <param index="0">
              <value>
                <![CDATA[org.testng.TestRunner@31e76a8d]]>
              </value>
            </param>
          </params>
          <reporter-output>
          </reporter-output>
        </test-method> <!-- setUpClass -->
        <test-method signature="runScenario(io.cucumber.testng.PickleWrapper,io.cucumber.testng.FeatureWrapper)[pri:0, instance:tia.quiz.login.RunnerTest@6cd28fa7]" started-at="2023-02-07T15:48:09 WIB" name="runScenario" description="Runs Cucumber Scenarios" data-provider="scenarios" finished-at="2023-02-07T15:48:19 WIB" duration-ms="9988" status="PASS">
          <params>
            <param index="0">
              <value>
                <![CDATA["Valid Login"]]>
              </value>
            </param>
            <param index="1">
              <value>
                <![CDATA["Login"]]>
              </value>
            </param>
          </params>
          <reporter-output>
          </reporter-output>
        </test-method> <!-- runScenario -->
        <test-method is-config="true" signature="tearDownClass()[pri:0, instance:tia.quiz.login.RunnerTest@6cd28fa7]" started-at="2023-02-07T15:48:19 WIB" name="tearDownClass" finished-at="2023-02-07T15:48:22 WIB" duration-ms="3312" status="PASS">
          <reporter-output>
          </reporter-output>
        </test-method> <!-- tearDownClass -->
      </class> <!-- tia.quiz.login.RunnerTest -->
    </test> <!-- Default test -->
  </suite> <!-- Default suite -->
</testng-results>
